Started on Jun 4, 2018 9:59:00 AM
Polling SCM changes on master
Using strategy: Default
[poll] Last Built Revision: Revision 59a741a9bc7f0abf7d9f8797cc94d6110abc2b26 (origin/feature/ci-test1, origin/feature/ci-test2, origin/feature/ci-test3)
 > git rev-parse --is-inside-work-tree # timeout=10
Fetching changes from the remote Git repositories
 > git config remote.origin.url https://stash.leapset.com/scm/~chamathb/merchant_api.git/ # timeout=10
Fetching upstream changes from https://stash.leapset.com/scm/~chamathb/merchant_api.git/
 > git --version # timeout=10
using GIT_ASKPASS to set credentials 
 > git fetch --tags --progress https://stash.leapset.com/scm/~chamathb/merchant_api.git/ +refs/heads/*:refs/remotes/origin/*
Polling for changes in
Seen branch in repository origin/CLR/7.18.1.0/develop
Seen branch in repository origin/CLR/7.18.2.0/develop
Seen branch in repository origin/CLR/7.18.2.0/release
Seen branch in repository origin/bugfix/POS-4780-6.24.0.0-assignments-jobs-created
Seen branch in repository origin/feature/CLR-Cake-OLO-Phase2
Seen branch in repository origin/feature/ci-barscreen
Seen branch in repository origin/feature/ci-test1
Seen branch in repository origin/feature/ci-test2
Seen branch in repository origin/feature/ci-test3
Seen branch in repository origin/master
Seen branch in repository origin/task/POS-4430-mapi-change-to-support-null-value
Seen branch in repository origin/temp/POS-4780-changes
Seen branch in repository origin/temp/plat-1-build
Seen 13 remote branches
 > git show-ref --tags -d # timeout=10
 > git log --full-history --no-abbrev --format=raw -M -m 59a741a9bc7f0abf7d9f8797cc94d6110abc2b26..67002dca38ca3a3003f037ffe3557cad0d68661f # timeout=10
Done. Took 2.4 sec
Changes found
