Started on Jun 4, 2018 12:23:00 PM
Polling SCM changes on master
Using strategy: Default
[poll] Last Built Revision: Revision 73dd8361704e2644ac2bcbf82291bd405a4a573b (origin/feature/ci-test1)
 > git rev-parse --is-inside-work-tree # timeout=10
Fetching changes from the remote Git repositories
 > git config remote.origin.url https://stash.leapset.com/scm/~chamathb/merchant_api.git/ # timeout=10
Fetching upstream changes from https://stash.leapset.com/scm/~chamathb/merchant_api.git/
 > git --version # timeout=10
using GIT_ASKPASS to set credentials 
 > git fetch --tags --progress https://stash.leapset.com/scm/~chamathb/merchant_api.git/ +refs/heads/*:refs/remotes/origin/*
Polling for changes in
Seen branch in repository origin/CLR/7.18.1.0/develop
Seen branch in repository origin/CLR/7.18.2.0/develop
Seen branch in repository origin/CLR/7.18.2.0/release
Seen branch in repository origin/bugfix/POS-4780-6.24.0.0-assignments-jobs-created
Seen branch in repository origin/feature/CLR-Cake-OLO-Phase2
Seen branch in repository origin/feature/ci-barscreen
Seen branch in repository origin/feature/ci-test1
Seen branch in repository origin/feature/ci-test2
Seen branch in repository origin/feature/ci-test3
Seen branch in repository origin/master
Seen branch in repository origin/task/POS-4430-mapi-change-to-support-null-value
Seen branch in repository origin/temp/POS-4780-changes
Seen branch in repository origin/temp/plat-1-build
Seen 13 remote branches
 > git show-ref --tags -d # timeout=10
 > git log --full-history --no-abbrev --format=raw -M -m 73dd8361704e2644ac2bcbf82291bd405a4a573b..e09180ec9c7915cac2cc73e4dd208b1ba747c856 # timeout=10
Done. Took 2.4 sec
Changes found
